-------------------------------------------------------------------------------
Test set: com.pxp.SQLite.trilhaBackEndJR_JUN15.SpringBootAndSqLiteApplicationTests
-------------------------------------------------------------------------------
Tests run: 1, Failures: 0, Errors: 1, Skipped: 0, Time elapsed: 0.869 s <<< FAILURE! - in com.pxp.SQLite.trilhaBackEndJR_JUN15.SpringBootAndSqLiteApplicationTests
com.pxp.SQLite.trilhaBackEndJR_JUN15.SpringBootAndSqLiteApplicationTests  Time elapsed: 0.866 s  <<< ERROR!
java.lang.IllegalStateException: Unable to find a @SpringBootConfiguration, you need to use @ContextConfiguration or @SpringBootTest(classes=...) with your test

